<?xml version="1.0" encoding="UTF-8"?>
<!-- Generated by org.testng.reporters.JUnitXMLReporter -->
<testsuite ignored="14" hostname="LAPTOP-CC1DQU2J" failures="0" tests="1" name="Default test" time="0.077" errors="0" timestamp="2026-03-29T00:28:05 IST">
  <testcase classname="tests.Programs" name="factorialProgram3" time="0.012"/>
  <testcase classname="tests.Programs" name="reverseNumber" time="0.0">
    <ignored/>
  </testcase> <!-- reverseNumber -->
  <testcase classname="tests.Programs" name="swapNumbersWithoutUsingThirdVariable" time="0.0">
    <ignored/>
  </testcase> <!-- swapNumbersWithoutUsingThirdVariable -->
  <testcase classname="tests.Programs" name="reverseEntireSentence" time="0.0">
    <ignored/>
  </testcase> <!-- reverseEntireSentence -->
  <testcase classname="tests.Programs" name="reverseString" time="0.0">
    <ignored/>
  </testcase> <!-- reverseString -->
  <testcase classname="tests.Programs" name="factorialProgram2" time="0.0">
    <ignored/>
  </testcase> <!-- factorialProgram2 -->
  <testcase classname="tests.Programs" name="reverseEachWord" time="0.0">
    <ignored/>
  </testcase> <!-- reverseEachWord -->
  <testcase classname="tests.Programs" name="factorialProgram1" time="0.0">
    <ignored/>
  </testcase> <!-- factorialProgram1 -->
  <testcase classname="tests.Programs" name="reverseStringUsingStringBuilder" time="0.0">
    <ignored/>
  </testcase> <!-- reverseStringUsingStringBuilder -->
  <testcase classname="tests.Programs" name="primeNumber1" time="0.0">
    <ignored/>
  </testcase> <!-- primeNumber1 -->
  <testcase classname="tests.Programs" name="primeNumber2" time="0.0">
    <ignored/>
  </testcase> <!-- primeNumber2 -->
  <testcase classname="tests.Programs" name="palindrome" time="0.0">
    <ignored/>
  </testcase> <!-- palindrome -->
  <testcase classname="tests.Programs" name="swapString" time="0.0">
    <ignored/>
  </testcase> <!-- swapString -->
  <testcase classname="tests.Programs" name="swapNumbersUsingThirdVariable" time="0.0">
    <ignored/>
  </testcase> <!-- swapNumbersUsingThirdVariable -->
  <testcase classname="tests.Programs" name="swapStringUsingThirdVariable" time="0.0">
    <ignored/>
  </testcase> <!-- swapStringUsingThirdVariable -->
</testsuite> <!-- Default test -->
