<?xml version="1.0" encoding="UTF-8"?>
<testng-results ignored="0" total="1" passed="1" failed="0" skipped="0">
  <reporter-output>
  </reporter-output>
  <suite started-at="2026-02-16T22:49:29 IST" name="Default suite" finished-at="2026-02-16T22:49:37 IST" duration-ms="7106">
    <groups>
    </groups>
    <test started-at="2026-02-16T22:49:29 IST" name="Default test" finished-at="2026-02-16T22:49:37 IST" duration-ms="7106">
      <class name="tests.LoginTest">
        <test-method is-config="true" signature="setUp()[pri:0, instance:tests.LoginTest@15043a2f]" started-at="2026-02-16T22:49:29 IST" name="setUp" finished-at="2026-02-16T22:49:35 IST" duration-ms="5250" status="PASS">
          <reporter-output>
          </reporter-output>
        </test-method> <!-- setUp -->
        <test-method signature="testValiLogin()[pri:0, instance:tests.LoginTest@15043a2f]" started-at="2026-02-16T22:49:35 IST" name="testValiLogin" finished-at="2026-02-16T22:49:36 IST" duration-ms="1602" status="PASS">
          <reporter-output>
          </reporter-output>
        </test-method> <!-- testValiLogin -->
        <test-method is-config="true" signature="tearDown()[pri:0, instance:tests.LoginTest@15043a2f]" started-at="2026-02-16T22:49:36 IST" name="tearDown" finished-at="2026-02-16T22:49:37 IST" duration-ms="201" status="PASS">
          <reporter-output>
          </reporter-output>
        </test-method> <!-- tearDown -->
      </class> <!-- tests.LoginTest -->
    </test> <!-- Default test -->
  </suite> <!-- Default suite -->
</testng-results>
