<?xml version="1.0" encoding="UTF-8"?>
<testng-results ignored="14" total="15" passed="1" failed="0" skipped="0">
  <reporter-output>
  </reporter-output>
  <suite started-at="2026-03-29T00:28:04 IST" name="Default suite" finished-at="2026-03-29T00:28:04 IST" duration-ms="77">
    <groups>
    </groups>
    <test started-at="2026-03-29T00:28:04 IST" name="Default test" finished-at="2026-03-29T00:28:04 IST" duration-ms="77">
      <class name="tests.Programs">
        <test-method signature="factorialProgram3()[pri:0, instance:tests.Programs@16eb3ea3]" started-at="2026-03-29T00:28:04 IST" name="factorialProgram3" finished-at="2026-03-29T00:28:04 IST" duration-ms="12" status="PASS">
          <reporter-output>
          </reporter-output>
        </test-method> <!-- factorialProgram3 -->
      </class> <!-- tests.Programs -->
    </test> <!-- Default test -->
  </suite> <!-- Default suite -->
</testng-results>
